<?xml version="1.0" encoding="UTF-8"?>
<!-- Generated by org.testng.reporters.JUnitReportReporter -->
<testsuite hostname="Apoorvs-MacBook-Air.local" failures="0" tests="1" name="testcases.CarLoanTest" time="0.016" errors="0" timestamp="2024-02-17T18:41:40 IST" skipped="0">
  <testcase classname="testcases.CarLoanTest" name="test3" time="0.016"/>
</testsuite> <!-- testcases.CarLoanTest -->
