<?xml version="1.0" encoding="UTF-8"?>
<!-- Generated by org.testng.reporters.JUnitReportReporter -->
<testsuite hostname="Apoorvs-MacBook-Air.local" failures="0" tests="1" name="testcases.HomeLoanTest" time="0.007" errors="0" timestamp="2024-02-17T23:38:59 IST" skipped="0">
  <testcase classname="testcases.HomeLoanTest" name="test2" time="0.007"/>
</testsuite> <!-- testcases.HomeLoanTest -->
