<?xml version="1.0" encoding="UTF-8"?>
<!-- Generated by org.testng.reporters.JUnitReportReporter -->
<testsuite hostname="Apoorvs-MacBook-Air.local" failures="0" tests="1" name="testcases.CreditCardTest" time="0.003" errors="0" timestamp="2024-02-17T23:38:59 IST" skipped="0">
  <testcase classname="testcases.CreditCardTest" name="test4" time="0.003"/>
</testsuite> <!-- testcases.CreditCardTest -->
